<?xml version="1.0" encoding="UTF-8"?>
<!-- Generated by org.testng.reporters.JUnitXMLReporter -->
<testsuite ignored="0" hostname="DESKTOP-L8QLF8S" failures="0" tests="5" name="Default test" time="24.474" errors="0" timestamp="2023-01-07T16:13:49 IST">
  <testcase classname="TESTCASES.DropDownTC_1" name="test" time="9.626"/>
  <testcase classname="TESTCASES.DropDownTC_1" name="test1" time="0.447"/>
  <testcase classname="TESTCASES.DropDownTC_1" name="test2" time="3.446"/>
  <testcase classname="TESTCASES.DropDownTC_1" name="test3" time="3.418"/>
  <testcase classname="TESTCASES.DropDownTC_1" name="test4" time="3.323"/>
</testsuite> <!-- Default test -->
