<?xml version="1.0" encoding="UTF-8"?>
<testng-results ignored="0" total="5" passed="5" failed="0" skipped="0">
  <reporter-output>
  </reporter-output>
  <suite started-at="2023-01-07T16:13:24 IST" name="Default suite" finished-at="2023-01-07T16:13:49 IST" duration-ms="24474">
    <groups>
    </groups>
    <test started-at="2023-01-07T16:13:24 IST" name="Default test" finished-at="2023-01-07T16:13:49 IST" duration-ms="24474">
      <class name="TESTCASES.DropDownTC_1">
        <test-method is-config="true" signature="beforetest()[pri:0, instance:TESTCASES.DropDownTC_1@9597028]" started-at="2023-01-07T16:13:24 IST" name="beforetest" finished-at="2023-01-07T16:13:28 IST" duration-ms="3728" status="PASS">
          <reporter-output>
          </reporter-output>
        </test-method> <!-- beforetest -->
        <test-method signature="test()[pri:0, instance:TESTCASES.DropDownTC_1@9597028]" started-at="2023-01-07T16:13:28 IST" name="test" finished-at="2023-01-07T16:13:38 IST" duration-ms="9626" status="PASS">
          <reporter-output>
          </reporter-output>
        </test-method> <!-- test -->
        <test-method signature="test1()[pri:0, instance:TESTCASES.DropDownTC_1@9597028]" started-at="2023-01-07T16:13:38 IST" name="test1" finished-at="2023-01-07T16:13:38 IST" duration-ms="447" status="PASS">
          <reporter-output>
          </reporter-output>
        </test-method> <!-- test1 -->
        <test-method signature="test2()[pri:0, instance:TESTCASES.DropDownTC_1@9597028]" started-at="2023-01-07T16:13:38 IST" name="test2" finished-at="2023-01-07T16:13:42 IST" duration-ms="3446" status="PASS">
          <reporter-output>
          </reporter-output>
        </test-method> <!-- test2 -->
        <test-method signature="test3()[pri:0, instance:TESTCASES.DropDownTC_1@9597028]" started-at="2023-01-07T16:13:42 IST" name="test3" finished-at="2023-01-07T16:13:45 IST" duration-ms="3418" status="PASS">
          <reporter-output>
          </reporter-output>
        </test-method> <!-- test3 -->
        <test-method signature="test4()[pri:0, instance:TESTCASES.DropDownTC_1@9597028]" started-at="2023-01-07T16:13:45 IST" name="test4" finished-at="2023-01-07T16:13:48 IST" duration-ms="3323" status="PASS">
          <reporter-output>
          </reporter-output>
        </test-method> <!-- test4 -->
        <test-method is-config="true" signature="aftertest()[pri:0, instance:TESTCASES.DropDownTC_1@9597028]" started-at="2023-01-07T16:13:48 IST" name="aftertest" finished-at="2023-01-07T16:13:49 IST" duration-ms="362" status="PASS">
          <reporter-output>
          </reporter-output>
        </test-method> <!-- aftertest -->
      </class> <!-- TESTCASES.DropDownTC_1 -->
    </test> <!-- Default test -->
  </suite> <!-- Default suite -->
</testng-results>
